<?xml version="1.0" encoding="UTF-8"?>
<!-- Generated by org.testng.reporters.JUnitReportReporter -->
<testsuite skipped="0" hostname="01HW1013102" name="MavenLearning.Test4_ExtentReports" tests="1" failures="0" timestamp="2020-10-17T22:11:09 IST" time="10.133" errors="0">
  <testcase name="demo" time="10.133" classname="MavenLearning.Test4_ExtentReports"/>
  <system-out/>
</testsuite> <!-- MavenLearning.Test4_ExtentReports -->
