<?xml version="1.0" encoding="UTF-8"?>
<!-- Generated by org.testng.reporters.JUnitReportReporter -->
<testsuite hostname="01HW1013102" name="MavenLearning.Test1" tests="2" failures="0" timestamp="11 Oct 2020 10:58:47 GMT" time="0.010" errors="0">
  <testcase name="automate2" time="0.001" classname="MavenLearning.Test1"/>
  <testcase name="automate1" time="0.009" classname="MavenLearning.Test1"/>
</testsuite> <!-- MavenLearning.Test1 -->
