<?xml version="1.0" encoding="UTF-8"?>
<!-- Generated by org.testng.reporters.JUnitReportReporter -->
<testsuite hostname="01HW1013102" name="MavenLearning.Test3" tests="2" failures="0" timestamp="11 Oct 2020 10:58:47 GMT" time="0.002" errors="0">
  <testcase name="automate6" time="0.000" classname="MavenLearning.Test3"/>
  <testcase name="automate5" time="0.002" classname="MavenLearning.Test3"/>
</testsuite> <!-- MavenLearning.Test3 -->
